2025-09-03 09:00:01 - Le fichier 'cron.log' a été renommé en '/var/www/html/logfile//cron_1.log.save'

2025-09-03 09:00:01 -  - ##### Fin de la gestion des fichiers de logs ##### - 
2025-09-03 09:00:01 - =================================================
2025-09-03 09:00:01 -  - ##### Gestion des fichiers datas ##### - 
2025-09-03 11:00:01 -  - ##### Fin de la gestion des fichiers datas ##### - 
2025-09-03 11:00:01 - =================================================
2025-09-03 11:00:01 -  - ##### Récupération des données API ##### - 
2025-09-03 11:00:01 - | Nb   | Url                                                                              | Filename                                 | Filesize   | Status   |
2025-09-03 11:00:03 - | 1    | https://api.football-data.org/v4/matches                                         | matches-2025-09-03.json                  | 189        | ok       |
2025-09-03 11:00:15 - | 2    | https://api.football-data.org/v4/matches?dateFrom=2025-09-02&dateTo=2025-09-03   | matches-2025-09-02.json                  | 189        | ok       |
2025-09-03 11:00:25 - | 3    | https://api.football-data.org/v4/competitions                                    | competitions.json                        | 5385       | ok       |
2025-09-03 11:00:36 - | 4    | https://api.football-data.org/v4/competitions/PL                                 | competition-info-PL.json                 | 41049      | ok       |
2025-09-03 11:00:46 - | 5    | https://api.football-data.org/v4/competitions/PL/matches?year=2025               | competition-matches-PL-2025.json         | 741843     | ok       |
2025-09-03 11:00:56 - | 6    | https://api.football-data.org/v4/competitions/PL/standings?year=2025             | competition-standings-PL-2025.json       | 14548      | ok       |
2025-09-03 11:01:07 - | 7    | https://api.football-data.org/v4/competitions/PL/scorers?year=2025               | competition-scorers-PL-2025.json         | 11874      | ok       |
2025-09-03 11:01:17 - | 8    | https://api.football-data.org/v4/competitions/CL                                 | competition-info-CL.json                 | 11157      | ok       |
2025-09-03 11:01:28 - | 9    | https://api.football-data.org/v4/competitions/CL/matches?year=2025               | competition-matches-CL-2025.json         | 360093     | ok       |
2025-09-03 11:01:38 - | 10   | https://api.football-data.org/v4/competitions/CL/standings?year=2025             | competition-standings-CL-2025.json       | 25572      | ok       |
2025-09-03 11:01:48 - | 11   | https://api.football-data.org/v4/competitions/CL/scorers?year=2025               | competition-scorers-CL-2025.json         | 468        | ok       |
2025-09-03 11:01:58 - | 12   | https://api.football-data.org/v4/competitions/FL1                                | competition-info-FL1.json                | 16159      | ok       |
2025-09-03 11:02:09 - | 13   | https://api.football-data.org/v4/competitions/FL1/matches?year=2025              | competition-matches-FL1-2025.json        | 594481     | ok       |
2025-09-03 11:02:19 - | 14   | https://api.football-data.org/v4/competitions/FL1/standings?year=2025            | competition-standings-FL1-2025.json      | 13104      | ok       |
2025-09-03 11:02:30 - | 15   | https://api.football-data.org/v4/competitions/FL1/scorers?year=2025              | competition-scorers-FL1-2025.json        | 11980      | ok       |
2025-09-03 11:02:40 - | 16   | https://api.football-data.org/v4/competitions/BL1                                | competition-info-BL1.json                | 27486      | ok       |
2025-09-03 11:02:50 - | 17   | https://api.football-data.org/v4/competitions/BL1/matches?year=2025              | competition-matches-BL1-2025.json        | 594556     | ok       |
2025-09-03 11:03:00 - | 18   | https://api.football-data.org/v4/competitions/BL1/standings?year=2025            | competition-standings-BL1-2025.json      | 13133      | ok       |
2025-09-03 11:03:11 - | 19   | https://api.football-data.org/v4/competitions/BL1/scorers?year=2025              | competition-scorers-BL1-2025.json        | 11860      | ok       |
2025-09-03 11:03:21 - | 20   | https://api.football-data.org/v4/competitions/SA                                 | competition-info-SA.json                 | 19992      | ok       |
2025-09-03 11:03:31 - | 21   | https://api.football-data.org/v4/competitions/SA/matches?year=2025               | competition-matches-SA-2025.json         | 732406     | ok       |
2025-09-03 11:03:41 - | 22   | https://api.football-data.org/v4/competitions/SA/standings?year=2025             | competition-standings-SA-2025.json       | 14428      | ok       |
2025-09-03 11:03:52 - | 23   | https://api.football-data.org/v4/competitions/SA/scorers?year=2025               | competition-scorers-SA-2025.json         | 11927      | ok       |
2025-09-03 11:04:02 - | 24   | https://api.football-data.org/v4/competitions/PD                                 | competition-info-PD.json                 | 20275      | ok       |
2025-09-03 11:04:13 - | 25   | https://api.football-data.org/v4/competitions/PD/matches?year=2025               | competition-matches-PD-2025.json         | 739959     | ok       |
2025-09-03 11:04:23 - | 26   | https://api.football-data.org/v4/competitions/PD/standings?year=2025             | competition-standings-PD-2025.json       | 14518      | ok       |
2025-09-03 11:04:33 - | 27   | https://api.football-data.org/v4/competitions/PD/scorers?year=2025               | competition-scorers-PD-2025.json         | 11972      | ok       |
2025-09-03 11:04:44 - | 28   | https://api.football-data.org/v4/competitions/WC                                 | competition-info-WC.json                 | 16440      | ok       |
2025-09-03 11:04:54 - | 29   | https://api.football-data.org/v4/competitions/WC/matches?year=2025               | competition-matches-WC-2025.json         | 184906     | ok       |
2025-09-03 11:05:04 - | 30   | https://api.football-data.org/v4/competitions/WC/standings?year=2025             | competition-standings-WC-2025.json       | 32593      | ok       |
2025-09-03 11:05:14 - | 31   | https://api.football-data.org/v4/competitions/WC/scorers?year=2025               | competition-scorers-WC-2025.json         | 464        | ok       |
2025-09-03 11:05:25 - | 32   | https://newsapi.org/v2/everything?q=football&from=2025-09-02&to=2025-09-02&language=fr&sortBy=publishedAt&apiKey=dcd3126ac90f4aab9585afd4b50c8703   |
...                                                                                                             | footnews.json                            | 88804      | ok       |
2025-09-03 11:05:25 -  - ##### Fin récupération des données API ##### - 
2025-09-03 11:05:25 - =================================================
2025-09-03 11:05:25 -  - ##### Mise à jour de la base de données ##### - 
2025-09-03 11:05:25 -  - ##### Fin mise à jour de la base de données ##### - 
2025-09-03 11:05:25 - =================================================
2025-09-03 11:05:25 -  - ##### Test de la page d'accueil ##### - 
2025-09-03 11:06:25 - Réponse du serveur :      Code HTTP = 200
2025-09-03 11:06:25 - Temps de réponse total :  0.004301 secondes
2025-09-03 11:06:25 - Temps de connexion :       0.001038 secondes
2025-09-03 11:06:25 - Taille des données :      3901 octets téléchargés
2025-09-03 11:06:25 - La page d'accueil est accessible et a répondu avec succès.
2025-09-03 11:06:25 -  - ##### Fin test de la page d'accueil ##### - 
2025-09-03 11:06:25 - =================================================
2025-09-03 11:06:25 -  - ##### Fin de la tâche cron - EasyBet Crontab ##### - 
2025-09-03 11:06:25 - =================================================
2025-09-03 13:00:02 - =================================================
2025-09-03 13:00:02 -  - ##### Démarrage de la tâche cron - EasyBet Crontab ##### - 
2025-09-03 13:00:02 - =================================================
2025-09-03 13:00:02 -  - ##### Gestion des fichiers de logs ##### - 
2025-09-03 13:00:02 -  - ##### Fin de la gestion des fichiers de logs ##### - 
2025-09-03 13:00:02 - =================================================
2025-09-03 13:00:02 -  - ##### Gestion des fichiers datas ##### - 
2025-09-03 15:00:02 -  - ##### Fin de la gestion des fichiers datas ##### - 
2025-09-03 15:00:02 - =================================================
2025-09-03 15:00:02 -  - ##### Récupération des données API ##### - 
2025-09-03 15:00:02 - | Nb   | Url                                                                              | Filename                                 | Filesize   | Status   |
2025-09-03 15:00:11 - | 1    | https://api.football-data.org/v4/matches                                         | matches-2025-09-03.json                  | 189        | ok       |
2025-09-03 15:00:21 - | 2    | https://api.football-data.org/v4/matches?dateFrom=2025-09-02&dateTo=2025-09-03   | matches-2025-09-02.json                  | 189        | ok       |
2025-09-03 15:00:32 - | 3    | https://api.football-data.org/v4/competitions                                    | competitions.json                        | 5385       | ok       |
2025-09-03 15:00:42 - | 4    | https://api.football-data.org/v4/competitions/PL                                 | competition-info-PL.json                 | 41049      | ok       |
2025-09-03 15:00:52 - | 5    | https://api.football-data.org/v4/competitions/PL/matches?year=2025               | competition-matches-PL-2025.json         | 741843     | ok       |
2025-09-03 15:01:03 - | 6    | https://api.football-data.org/v4/competitions/PL/standings?year=2025             | competition-standings-PL-2025.json       | 14548      | ok       |
2025-09-03 15:01:13 - | 7    | https://api.football-data.org/v4/competitions/PL/scorers?year=2025               | competition-scorers-PL-2025.json         | 11874      | ok       |
2025-09-03 15:01:23 - | 8    | https://api.football-data.org/v4/competitions/CL                                 | competition-info-CL.json                 | 11157      | ok       |
2025-09-03 15:01:34 - | 9    | https://api.football-data.org/v4/competitions/CL/matches?year=2025               | competition-matches-CL-2025.json         | 360093     | ok       |
2025-09-03 15:01:44 - | 10   | https://api.football-data.org/v4/competitions/CL/standings?year=2025             | competition-standings-CL-2025.json       | 25572      | ok       |
2025-09-03 15:01:54 - | 11   | https://api.football-data.org/v4/competitions/CL/scorers?year=2025               | competition-scorers-CL-2025.json         | 468        | ok       |
2025-09-03 15:02:04 - | 12   | https://api.football-data.org/v4/competitions/FL1                                | competition-info-FL1.json                | 16159      | ok       |
2025-09-03 15:02:15 - | 13   | https://api.football-data.org/v4/competitions/FL1/matches?year=2025              | competition-matches-FL1-2025.json        | 594481     | ok       |
2025-09-03 15:02:25 - | 14   | https://api.football-data.org/v4/competitions/FL1/standings?year=2025            | competition-standings-FL1-2025.json      | 13104      | ok       |
2025-09-03 15:02:35 - | 15   | https://api.football-data.org/v4/competitions/FL1/scorers?year=2025              | competition-scorers-FL1-2025.json        | 11980      | ok       |
2025-09-03 15:02:46 - | 16   | https://api.football-data.org/v4/competitions/BL1                                | competition-info-BL1.json                | 27486      | ok       |
2025-09-03 15:02:56 - | 17   | https://api.football-data.org/v4/competitions/BL1/matches?year=2025              | competition-matches-BL1-2025.json        | 594556     | ok       |
2025-09-03 15:03:06 - | 18   | https://api.football-data.org/v4/competitions/BL1/standings?year=2025            | competition-standings-BL1-2025.json      | 13133      | ok       |
2025-09-03 15:03:17 - | 19   | https://api.football-data.org/v4/competitions/BL1/scorers?year=2025              | competition-scorers-BL1-2025.json        | 11860      | ok       |
2025-09-03 15:03:27 - | 20   | https://api.football-data.org/v4/competitions/SA                                 | competition-info-SA.json                 | 19992      | ok       |
2025-09-03 15:03:37 - | 21   | https://api.football-data.org/v4/competitions/SA/matches?year=2025               | competition-matches-SA-2025.json         | 732406     | ok       |
2025-09-03 15:03:47 - | 22   | https://api.football-data.org/v4/competitions/SA/standings?year=2025             | competition-standings-SA-2025.json       | 14428      | ok       |
2025-09-03 15:03:58 - | 23   | https://api.football-data.org/v4/competitions/SA/scorers?year=2025               | competition-scorers-SA-2025.json         | 11927      | ok       |
2025-09-03 15:04:08 - | 24   | https://api.football-data.org/v4/competitions/PD                                 | competition-info-PD.json                 | 20275      | ok       |
2025-09-03 15:04:19 - | 25   | https://api.football-data.org/v4/competitions/PD/matches?year=2025               | competition-matches-PD-2025.json         | 739959     | ok       |
2025-09-03 15:04:29 - | 26   | https://api.football-data.org/v4/competitions/PD/standings?year=2025             | competition-standings-PD-2025.json       | 14518      | ok       |
2025-09-03 15:04:39 - | 27   | https://api.football-data.org/v4/competitions/PD/scorers?year=2025               | competition-scorers-PD-2025.json         | 11972      | ok       |
2025-09-03 15:04:49 - | 28   | https://api.football-data.org/v4/competitions/WC                                 | competition-info-WC.json                 | 16440      | ok       |
2025-09-03 15:05:00 - | 29   | https://api.football-data.org/v4/competitions/WC/matches?year=2025               | competition-matches-WC-2025.json         | 184906     | ok       |
2025-09-03 15:05:10 - | 30   | https://api.football-data.org/v4/competitions/WC/standings?year=2025             | competition-standings-WC-2025.json       | 32593      | ok       |
2025-09-03 15:05:20 - | 31   | https://api.football-data.org/v4/competitions/WC/scorers?year=2025               | competition-scorers-WC-2025.json         | 464        | ok       |
2025-09-03 15:05:31 - | 32   | https://newsapi.org/v2/everything?q=football&from=2025-09-02&to=2025-09-02&language=fr&sortBy=publishedAt&apiKey=dcd3126ac90f4aab9585afd4b50c8703   |
...                                                                                                             | footnews.json                            | 88804      | ok       |
2025-09-03 15:05:31 -  - ##### Fin récupération des données API ##### - 
2025-09-03 15:05:31 - =================================================
2025-09-03 15:05:31 -  - ##### Mise à jour de la base de données ##### - 
2025-09-03 15:05:31 -  - ##### Fin mise à jour de la base de données ##### - 
2025-09-03 15:05:31 - =================================================
2025-09-03 15:05:31 -  - ##### Test de la page d'accueil ##### - 
2025-09-03 15:06:31 - Réponse du serveur :      Code HTTP = 200
2025-09-03 15:06:31 - Temps de réponse total :  0.003175 secondes
2025-09-03 15:06:31 - Temps de connexion :       0.001345 secondes
2025-09-03 15:06:31 - Taille des données :      377 octets téléchargés
2025-09-03 15:06:31 - La page d'accueil est accessible et a répondu avec succès.
2025-09-03 15:06:31 -  - ##### Fin test de la page d'accueil ##### - 
2025-09-03 15:06:31 - =================================================
2025-09-03 15:06:31 -  - ##### Fin de la tâche cron - EasyBet Crontab ##### - 
2025-09-03 15:06:31 - =================================================
2025-09-03 14:00:01 - =================================================
2025-09-03 14:00:01 -  - ##### Démarrage de la tâche cron - EasyBet Crontab ##### - 
2025-09-03 14:00:01 - =================================================
2025-09-03 14:00:01 -  - ##### Gestion des fichiers de logs ##### - 
2025-09-03 14:00:01 -  - ##### Fin de la gestion des fichiers de logs ##### - 
2025-09-03 14:00:01 - =================================================
2025-09-03 14:00:01 -  - ##### Gestion des fichiers datas ##### - 
2025-09-03 16:00:01 -  - ##### Fin de la gestion des fichiers datas ##### - 
2025-09-03 16:00:01 - =================================================
2025-09-03 16:00:01 -  - ##### Récupération des données API ##### - 
2025-09-03 16:00:01 - | Nb   | Url                                                                              | Filename                                 | Filesize   | Status   |
2025-09-03 16:00:11 - Erreur : Erreur lors de l'accès à l'URL: https://api.football-data.org/v4/matches
2025-09-03 16:00:13 - | 1    | https://api.football-data.org/v4/matches?dateFrom=2025-09-02&dateTo=2025-09-03   | matches-2025-09-02.json                  | 189        | ok       |
2025-09-03 16:00:23 - | 2    | https://api.football-data.org/v4/competitions                                    | competitions.json                        | 5385       | ok       |
2025-09-03 16:00:33 - | 3    | https://api.football-data.org/v4/competitions/PL                                 | competition-info-PL.json                 | 41049      | ok       |
2025-09-03 16:00:44 - | 4    | https://api.football-data.org/v4/competitions/PL/matches?year=2025               | competition-matches-PL-2025.json         | 741843     | ok       |
2025-09-03 16:00:54 - | 5    | https://api.football-data.org/v4/competitions/PL/standings?year=2025             | competition-standings-PL-2025.json       | 14548      | ok       |
2025-09-03 16:01:05 - | 6    | https://api.football-data.org/v4/competitions/PL/scorers?year=2025               | competition-scorers-PL-2025.json         | 11874      | ok       |
2025-09-03 16:01:15 - | 7    | https://api.football-data.org/v4/competitions/CL                                 | competition-info-CL.json                 | 11157      | ok       |
2025-09-03 16:01:25 - | 8    | https://api.football-data.org/v4/competitions/CL/matches?year=2025               | competition-matches-CL-2025.json         | 360093     | ok       |
2025-09-03 16:01:35 - | 9    | https://api.football-data.org/v4/competitions/CL/standings?year=2025             | competition-standings-CL-2025.json       | 25572      | ok       |
2025-09-03 16:01:46 - | 10   | https://api.football-data.org/v4/competitions/CL/scorers?year=2025               | competition-scorers-CL-2025.json         | 468        | ok       |
2025-09-03 16:01:56 - | 11   | https://api.football-data.org/v4/competitions/FL1                                | competition-info-FL1.json                | 16159      | ok       |
2025-09-03 16:02:06 - | 12   | https://api.football-data.org/v4/competitions/FL1/matches?year=2025              | competition-matches-FL1-2025.json        | 594481     | ok       |
2025-09-03 16:02:16 - | 13   | https://api.football-data.org/v4/competitions/FL1/standings?year=2025            | competition-standings-FL1-2025.json      | 13104      | ok       |
2025-09-03 16:02:27 - | 14   | https://api.football-data.org/v4/competitions/FL1/scorers?year=2025              | competition-scorers-FL1-2025.json        | 11980      | ok       |
2025-09-03 16:02:37 - | 15   | https://api.football-data.org/v4/competitions/BL1                                | competition-info-BL1.json                | 27486      | ok       |
2025-09-03 16:02:47 - | 16   | https://api.football-data.org/v4/competitions/BL1/matches?year=2025              | competition-matches-BL1-2025.json        | 594556     | ok       |
2025-09-03 16:02:58 - | 17   | https://api.football-data.org/v4/competitions/BL1/standings?year=2025            | competition-standings-BL1-2025.json      | 13133      | ok       |
2025-09-03 16:03:08 - | 18   | https://api.football-data.org/v4/competitions/BL1/scorers?year=2025              | competition-scorers-BL1-2025.json        | 11860      | ok       |
2025-09-03 16:03:18 - | 19   | https://api.football-data.org/v4/competitions/SA                                 | competition-info-SA.json                 | 19992      | ok       |
2025-09-03 16:03:29 - | 20   | https://api.football-data.org/v4/competitions/SA/matches?year=2025               | competition-matches-SA-2025.json         | 732406     | ok       |
2025-09-03 16:03:39 - | 21   | https://api.football-data.org/v4/competitions/SA/standings?year=2025             | competition-standings-SA-2025.json       | 14428      | ok       |
2025-09-03 16:03:49 - | 22   | https://api.football-data.org/v4/competitions/SA/scorers?year=2025               | competition-scorers-SA-2025.json         | 11927      | ok       |
2025-09-03 16:04:00 - | 23   | https://api.football-data.org/v4/competitions/PD                                 | competition-info-PD.json                 | 20275      | ok       |
2025-09-03 16:04:10 - | 24   | https://api.football-data.org/v4/competitions/PD/matches?year=2025               | competition-matches-PD-2025.json         | 739959     | ok       |
2025-09-03 16:04:20 - | 25   | https://api.football-data.org/v4/competitions/PD/standings?year=2025             | competition-standings-PD-2025.json       | 14518      | ok       |
2025-09-03 16:04:31 - | 26   | https://api.football-data.org/v4/competitions/PD/scorers?year=2025               | competition-scorers-PD-2025.json         | 11972      | ok       |
2025-09-03 16:04:41 - | 27   | https://api.football-data.org/v4/competitions/WC                                 | competition-info-WC.json                 | 16440      | ok       |
2025-09-03 16:04:51 - | 28   | https://api.football-data.org/v4/competitions/WC/matches?year=2025               | competition-matches-WC-2025.json         | 184906     | ok       |
2025-09-03 16:05:02 - | 29   | https://api.football-data.org/v4/competitions/WC/standings?year=2025             | competition-standings-WC-2025.json       | 32593      | ok       |
2025-09-03 16:05:12 - | 30   | https://api.football-data.org/v4/competitions/WC/scorers?year=2025               | competition-scorers-WC-2025.json         | 464        | ok       |
2025-09-03 16:05:22 - | 31   | https://newsapi.org/v2/everything?q=football&from=2025-09-02&to=2025-09-02&language=fr&sortBy=publishedAt&apiKey=dcd3126ac90f4aab9585afd4b50c8703   |
...                                                                                                             | footnews.json                            | 88804      | ok       |
2025-09-03 16:05:22 -  - ##### Fin récupération des données API ##### - 
2025-09-03 16:05:22 - =================================================
2025-09-03 16:05:22 -  - ##### Mise à jour de la base de données ##### - 
2025-09-03 16:05:22 -  - ##### Fin mise à jour de la base de données ##### - 
2025-09-03 16:05:22 - =================================================
2025-09-03 16:05:22 -  - ##### Test de la page d'accueil ##### - 
2025-09-03 16:06:22 - Réponse du serveur :      Code HTTP = 200
2025-09-03 16:06:22 - Temps de réponse total :  0.00541 secondes
2025-09-03 16:06:22 - Temps de connexion :       0.001409 secondes
2025-09-03 16:06:22 - Taille des données :      3854 octets téléchargés
2025-09-03 16:06:22 - La page d'accueil est accessible et a répondu avec succès.
2025-09-03 16:06:22 -  - ##### Fin test de la page d'accueil ##### - 
2025-09-03 16:06:22 - =================================================
2025-09-03 16:06:22 -  - ##### Fin de la tâche cron - EasyBet Crontab ##### - 
2025-09-03 16:06:22 - =================================================
